
Showing logs for build [32mcb-kubecd-bdd-gh-1584052989-pr-qnxmp-1[0m stage [32mfrom-build-pack[0m and container [32mstep-credential-initializer-9k6w5[0m
{"level":"warn","ts":1584055029.0745738,"logger":"fallback-logger","caller":"logging/config.go:69","msg":"Fetch GitHub commit ID from kodata failed: \"ref: refs/heads/0.8.0-**-support-backwards-incompats\" is not a valid GitHub commit ID"}
{"level":"info","ts":1584055029.0753136,"logger":"fallback-logger","caller":"creds-init/main.go:40","msg":"Credentials initialized."}

Showing logs for build [32mcb-kubecd-bdd-gh-1584052989-pr-qnxmp-1[0m stage [32mfrom-build-pack[0m and container [32mstep-working-dir-initializer-mcmxb[0m
{"level":"warn","ts":1584055030.1038167,"logger":"fallback-logger","caller":"logging/config.go:69","msg":"Fetch GitHub commit ID from kodata failed: open /var/run/ko/HEAD: no such file or directory"}
{"level":"info","ts":1584055030.111672,"logger":"fallback-logger","caller":"bash/main.go:64","msg":"Successfully executed command \"sh -c mkdir -p /workspace/source\"; output "}

Showing logs for build [32mcb-kubecd-bdd-gh-1584052989-pr-qnxmp-1[0m stage [32mfrom-build-pack[0m and container [32mstep-place-tools[0m

Showing logs for build [32mcb-kubecd-bdd-gh-1584052989-pr-qnxmp-1[0m stage [32mfrom-build-pack[0m and container [32mstep-git-source-cb-kubecd-bdd-gh-1584052989-pr-qnxmp-2hp88[0m
{"level":"warn","ts":1584055039.1694455,"logger":"fallback-logger","caller":"logging/config.go:69","msg":"Fetch GitHub commit ID from kodata failed: \"ref: refs/heads/0.8.0-**-support-backwards-incompats\" is not a valid GitHub commit ID"}
{"level":"info","ts":1584055040.2365682,"logger":"fallback-logger","caller":"git/git.go:103","msg":"Successfully cloned https://github.com/cb-kubecd/bdd-gh-1584052989.git @ master in path /workspace/source"}

Showing logs for build [32mcb-kubecd-bdd-gh-1584052989-pr-qnxmp-1[0m stage [32mfrom-build-pack[0m and container [32mstep-git-merge[0m
Using SHAs from PULL_REFS=master:93ddebf0e9c4a32de6fff206ccfa854a758d3ac8,1:29794ec9b82efa0fa74fdf41fdf222ad9da7863f
DEBUG: LC_ALL=C JX_LOG_LEVEL=error git fetch origin --unshallow 29794ec9b82efa0fa74fdf41fdf222ad9da7863f: 93ddebf0e9c4a32de6fff206ccfa854a758d3ac8:
DEBUG: ran git fetch --unshallow origin 29794ec9b82efa0fa74fdf41fdf222ad9da7863f: 93ddebf0e9c4a32de6fff206ccfa854a758d3ac8: in 
DEBUG: JX_LOG_LEVEL=error LC_ALL=C git branch
DEBUG: LC_ALL=C JX_LOG_LEVEL=error git checkout master
DEBUG: ran git checkout master in 
DEBUG: LC_ALL=C JX_LOG_LEVEL=error git reset --hard 93ddebf0e9c4a32de6fff206ccfa854a758d3ac8
DEBUG: ran git reset --hard 93ddebf0e9c4a32de6fff206ccfa854a758d3ac8 in 
DEBUG: LC_ALL=C JX_LOG_LEVEL=error git clean -fd .
DEBUG: ran clean --force -d . in 
DEBUG: LC_ALL=C JX_LOG_LEVEL=error git merge 29794ec9b82efa0fa74fdf41fdf222ad9da7863f
DEBUG: ran git merge 29794ec9b82efa0fa74fdf41fdf222ad9da7863f in 
DEBUG: LC_ALL=C JX_LOG_LEVEL=error git log --format=%H%x1f%an%x1f%ae%x1f%cn%x1f%ce%x1f%s%n%b%x1e 93ddebf0e9c4a32de6fff206ccfa854a758d3ac8..HEAD
Merged SHA 29794ec9b82efa0fa74fdf41fdf222ad9da7863f with commit message 'My first PR commit' into base branch master

Showing logs for build [32mcb-kubecd-bdd-gh-1584052989-pr-qnxmp-1[0m stage [32mfrom-build-pack[0m and container [32mstep-build-make-linux[0m
CGO_ENABLED=0 GOOS=linux GOARCH=amd64 GO15VENDOREXPERIMENT=1 go build -ldflags '' -o bin/bdd-gh-1584052989 main.go

Showing logs for build [32mcb-kubecd-bdd-gh-1584052989-pr-qnxmp-1[0m stage [32mfrom-build-pack[0m and container [32mstep-build-container-build[0m
[36mINFO[0m[0000] No base image, nothing to extract            
[36mINFO[0m[0000] cmd: EXPOSE                                  
[36mINFO[0m[0000] Adding exposed port: 8080/tcp                
[36mINFO[0m[0000] Using files from context: [/workspace/source/bin] 
[36mINFO[0m[0000] Skipping unpacking as no commands require it. 
[36mINFO[0m[0000] Taking snapshot of full filesystem...        
[36mINFO[0m[0000] EXPOSE 8080                                  
[36mINFO[0m[0000] cmd: EXPOSE                                  
[36mINFO[0m[0000] Adding exposed port: 8080/tcp                
[36mINFO[0m[0000] No files changed in this command, skipping snapshotting. 
[36mINFO[0m[0000] ENTRYPOINT ["/bdd-gh-1584052989"]            
[36mINFO[0m[0000] No files changed in this command, skipping snapshotting. 
[36mINFO[0m[0000] Using files from context: [/workspace/source/bin] 
[36mINFO[0m[0000] COPY ./bin/ /                                
[36mINFO[0m[0000] Taking snapshot of files...                  
2020/03/12 23:17:36 pushed blob: sha256:28f515f728b27364029bb41fca32a8a077c89ea1afb70dacf36076d941f5f810
2020/03/12 23:17:37 pushed blob: sha256:cb0db80a9081084841acdf864bda18578fb98425d1bf78c50d1d67ab04d69677
2020/03/12 23:17:38 gcr.io/jenkins-x-bdd3/bdd-gh-1584052989:0.0.0-SNAPSHOT-PR-1-1: digest: sha256:6ea57f6665abb648f000995452d41ed80203c84f4fe070c51d35ba4e3cb1e12c size: 428

Showing logs for build [32mcb-kubecd-bdd-gh-1584052989-pr-qnxmp-1[0m stage [32mfrom-build-pack[0m and container [32mstep-postbuild-post-build[0m
no CVE provider running in the current ** namespace so skip adding image to be analysed

Showing logs for build [32mcb-kubecd-bdd-gh-1584052989-pr-qnxmp-1[0m stage [32mfrom-build-pack[0m and container [32mstep-promote-make-preview[0m
sed -i -e "s/version:.*/version: 0.0.0-SNAPSHOT-PR-1-1/" Chart.yaml
sed -i -e "s/version:.*/version: 0.0.0-SNAPSHOT-PR-1-1/" ../*/Chart.yaml
sed -i -e "s|repository:.*|repository: gcr.io\/jenkins-x-bdd3\/bdd-gh-1584052989|" values.yaml
sed -i -e "s/tag:.*/tag: 0.0.0-SNAPSHOT-PR-1-1/" values.yaml
echo "  version: 0.0.0-SNAPSHOT-PR-1-1" >> requirements.yaml
** step helm build
WARNING: No $CHART_REPOSITORY defined so using the default value of: http://jenkins-x-chartmuseum:8080
Adding missing Helm repo: storage.googleapis.com https://storage.googleapis.com/chartmuseum.jenkins-x.io
WARNING: No secrets found on "helm/repos" due: reading the secret "helm/repos" from vault: no secret "helm/repos" not found in vault
Read credentials for https://storage.googleapis.com/chartmuseum.jenkins-x.io from vault helm/repos
Successfully added Helm repository storage.googleapis.com.
Adding missing Helm repo: jenkins-x-chartmuseum http://jenkins-x-chartmuseum:8080
WARNING: No secrets found on "helm/repos" due: reading the secret "helm/repos" from vault: no secret "helm/repos" not found in vault
Read credentials for http://jenkins-x-chartmuseum:8080 from vault helm/repos
Successfully added Helm repository jenkins-x-chartmuseum.
WARNING: No $CHART_REPOSITORY defined so using the default value of: http://jenkins-x-chartmuseum:8080
Adding missing Helm repo: chartmuseum.jenkins-x.io http://chartmuseum.jenkins-x.io
WARNING: No secrets found on "helm/repos" due: reading the secret "helm/repos" from vault: no secret "helm/repos" not found in vault
Read credentials for http://chartmuseum.jenkins-x.io from vault helm/repos
Successfully added Helm repository chartmuseum.jenkins-x.io.

Showing logs for build [32mcb-kubecd-bdd-gh-1584052989-pr-qnxmp-1[0m stage [32mfrom-build-pack[0m and container [32mstep-promote-jx-preview[0m
Creating a preview
Created environment cb-kubecd-bdd-gh-1584052989-pr-1
Namespace **-cb-kubecd-bdd-gh-1584052989-pr-1 created 
expose:
  Annotations:
    helm.sh/hook: post-install,post-upgrade
    helm.sh/hook-delete-policy: hook-succeeded
  config:
    domain: 34.77.13.36.nip.io
    exposer: Ingress
    http: "true"
preview:
  image:
    repository: gcr.io/jenkins-x-bdd3/bdd-gh-1584052989
    tag: 0.0.0-SNAPSHOT-PR-1-1

Updating PipelineActivities cb-kubecd-bdd-gh-1584052989-pr-1-1 which has status Running
WARNING: preview application http://bdd-gh-1584052989.**-cb-kubecd-bdd-gh-1584052989-pr-1.34.77.13.36.nip.io not available, error was 503 503 Service Temporarily Unavailable, delaying for: 1.089834185s
WARNING: preview application http://bdd-gh-1584052989.**-cb-kubecd-bdd-gh-1584052989-pr-1.34.77.13.36.nip.io not available, error was 503 503 Service Temporarily Unavailable, delaying for: 2.067017638s
Preview application is now available at: http://bdd-gh-1584052989.**-cb-kubecd-bdd-gh-1584052989-pr-1.34.77.13.36.nip.io
